# JRE version: Java(TM) SE Runtime Environment (8.0_112-b16) (build 1.8.0_112-b16)
# Java VM: Java HotSpot(TM) 64-Bit Server VM (25.112-b16 mixed mode bsd-amd64 compressed oops)
Heap:
 PSYoungGen      total 9728K, used 1090K [0x00000007b5580000, 0x00000007b6000000, 0x00000007c0000000)
  eden space 8704K, 0% used [0x00000007b5580000,0x00000007b55908e0,0x00000007b5e00000)
  from space 1024K, 100% used [0x00000007b5f00000,0x00000007b6000000,0x00000007b6000000)
  to   space 1024K, 0% used [0x00000007b5e00000,0x00000007b5e00000,0x00000007b5f00000)
 ParOldGen       total 22016K, used 2480K [0x00000007a0000000, 0x00000007a1580000, 0x00000007b5580000)
  object space 22016K, 11% used [0x00000007a0000000,0x00000007a026c148,0x00000007a1580000)
 Metaspace       used 12378K, capacity 12594K, committed 12928K, reserved 1060864K
  class space    used 1458K, capacity 1551K, committed 1664K, reserved 1048576K
GC Heap History (4 events):
Event: 4.829 GC heap before
{Heap before GC invocations=1 (full 0):
 PSYoungGen      total 9728K, used 8704K [0x00000007b5580000, 0x00000007b6000000, 0x00000007c0000000)
  eden space 8704K, 100% used [0x00000007b5580000,0x00000007b5e00000,0x00000007b5e00000)
  from space 1024K, 0% used [0x00000007b5f00000,0x00000007b5f00000,0x00000007b6000000)
  to   space 1024K, 0% used [0x00000007b5e00000,0x00000007b5e00000,0x00000007b5f00000)
 ParOldGen       total 22016K, used 0K [0x00000007a0000000, 0x00000007a1580000, 0x00000007b5580000)
  object space 22016K, 0% used [0x00000007a0000000,0x00000007a0000000,0x00000007a1580000)
 Metaspace       used 7707K, capacity 7914K, committed 8192K, reserved 1056768K
  class space    used 882K, capacity 944K, committed 1024K, reserved 1048576K
Event: 4.844 GC heap after
Heap after GC invocations=1 (full 0):
 PSYoungGen      total 9728K, used 1008K [0x00000007b5580000, 0x00000007b6000000, 0x00000007c0000000)
  eden space 8704K, 0% used [0x00000007b5580000,0x00000007b5580000,0x00000007b5e00000)
  from space 1024K, 98% used [0x00000007b5e00000,0x00000007b5efc010,0x00000007b5f00000)
  to   space 1024K, 0% used [0x00000007b5f00000,0x00000007b5f00000,0x00000007b6000000)
 ParOldGen       total 22016K, used 452K [0x00000007a0000000, 0x00000007a1580000, 0x00000007b5580000)
  object space 22016K, 2% used [0x00000007a0000000,0x00000007a0071010,0x00000007a1580000)
 Metaspace       used 7707K, capacity 7914K, committed 8192K, reserved 1056768K
  class space    used 882K, capacity 944K, committed 1024K, reserved 1048576K
}
Event: 14.792 GC heap before
{Heap before GC invocations=2 (full 0):
 PSYoungGen      total 9728K, used 9705K [0x00000007b5580000, 0x00000007b6000000, 0x00000007c0000000)
  eden space 8704K, 99% used [0x00000007b5580000,0x00000007b5dfe4c8,0x00000007b5e00000)
  from space 1024K, 98% used [0x00000007b5e00000,0x00000007b5efc010,0x00000007b5f00000)
  to   space 1024K, 0% used [0x00000007b5f00000,0x00000007b5f00000,0x00000007b6000000)
 ParOldGen       total 22016K, used 452K [0x00000007a0000000, 0x00000007a1580000, 0x00000007b5580000)
  object space 22016K, 2% used [0x00000007a0000000,0x00000007a0071010,0x00000007a1580000)
 Metaspace       used 12297K, capacity 12530K, committed 12928K, reserved 1060864K
  class space    used 1440K, capacity 1551K, committed 1664K, reserved 1048576K
Event: 14.808 GC heap after
Heap after GC invocations=2 (full 0):
 PSYoungGen      total 9728K, used 1024K [0x00000007b5580000, 0x00000007b6000000, 0x00000007c0000000)
  eden space 8704K, 0% used [0x00000007b5580000,0x00000007b5580000,0x00000007b5e00000)
  from space 1024K, 100% used [0x00000007b5f00000,0x00000007b6000000,0x00000007b6000000)
  to   space 1024K, 0% used [0x00000007b5e00000,0x00000007b5e00000,0x00000007b5f00000)
 ParOldGen       total 22016K, used 2480K [0x00000007a0000000, 0x00000007a1580000, 0x00000007b5580000)
  object space 22016K, 11% used [0x00000007a0000000,0x00000007a026c148,0x00000007a1580000)
 Metaspace       used 12297K, capacity 12530K, committed 12928K, reserved 1060864K
  class space    used 1440K, capacity 1551K, committed 1664K, reserved 1048576K
}

